Log file open, 11/10/20 14:54:09
LogInit: Display: Running engine for game: Project
LogPlatformFile: Not using cached read wrapper
LogTaskGraph: Started task graph with 5 named threads and 35 total threads with 3 sets of task threads.
LogStats: Stats thread started at 0.154998
LogD3D11RHI: Loaded GFSDK_Aftermath_Lib.x64.dll
LogICUInternationalization: ICU TimeZone Detection - Raw Offset: -5:00, Platform Override: ''
LogPluginManager: Mounting plugin Paper2D
LogPluginManager: Mounting plugin AISupport
LogPluginManager: Mounting plugin LightPropagationVolume
LogPluginManager: Mounting plugin CameraShakePreviewer
LogPluginManager: Mounting plugin ActorLayerUtilities
LogPluginManager: Mounting plugin AnimationSharing
LogPluginManager: Mounting plugin CLionSourceCodeAccess
LogPluginManager: Mounting plugin CodeLiteSourceCodeAccess
LogPluginManager: Mounting plugin GitSourceControl
LogPluginManager: Mounting plugin KDevelopSourceCodeAccess
LogPluginManager: Mounting plugin NullSourceCodeAccess
LogPluginManager: Mounting plugin PerforceSourceControl
LogPluginManager: Mounting plugin PlasticSourceControl
LogPluginManager: Mounting plugin RiderSourceCodeAccess
LogPluginManager: Mounting plugin SubversionSourceControl
LogPluginManager: Mounting plugin UObjectPlugin
LogPluginManager: Mounting plugin VisualStudioCodeSourceCodeAccess
LogPluginManager: Mounting plugin VisualStudioSourceCodeAccess
LogPluginManager: Mounting plugin XCodeSourceCodeAccess
LogPluginManager: Mounting plugin AssetManagerEditor
LogPluginManager: Mounting plugin CryptoKeys
LogPluginManager: Mounting plugin CurveEditorTools
LogPluginManager: Mounting plugin DataValidation
LogPluginManager: Mounting plugin EditorScriptingUtilities
LogPluginManager: Mounting plugin FacialAnimation
LogPluginManager: Mounting plugin GameplayTagsEditor
LogPluginManager: Mounting plugin GeometryMode
LogPluginManager: Mounting plugin MacGraphicsSwitching
LogPluginManager: Mounting plugin MaterialAnalyzer
LogPluginManager: Mounting plugin MobileLauncherProfileWizard
LogPluginManager: Mounting plugin PluginBrowser
LogPluginManager: Mounting plugin SpeedTreeImporter
LogPluginManager: Mounting plugin DatasmithContent
LogPluginManager: Mounting plugin VariantManagerContent
LogPluginManager: Mounting plugin AlembicImporter
LogPluginManager: Mounting plugin AutomationUtils
LogPluginManager: Mounting plugin BackChannel
LogPluginManager: Mounting plugin ChaosCloth
LogPluginManager: Mounting plugin ChaosClothEditor
LogPluginManager: Mounting plugin ChaosEditor
LogPluginManager: Mounting plugin ChaosNiagara
LogPluginManager: Mounting plugin ChaosSolverPlugin
LogPluginManager: Mounting plugin CharacterAI
LogPluginManager: Mounting plugin GeometryCache
LogPluginManager: Mounting plugin GeometryCollectionPlugin
LogPluginManager: Mounting plugin GeometryProcessing
LogPluginManager: Mounting plugin PlanarCut
LogPluginManager: Mounting plugin PlatformCrypto
LogPluginManager: Mounting plugin ProxyLODPlugin
LogPluginManager: Mounting plugin SkeletalReduction
LogPluginManager: Mounting plugin Niagara
LogPluginManager: Mounting plugin MagicLeap
LogPluginManager: Mounting plugin MagicLeapLightEstimation
LogPluginManager: Mounting plugin MagicLeapMedia
LogPluginManager: Mounting plugin MagicLeapPassableWorld
LogPluginManager: Mounting plugin MLSDK
LogPluginManager: Mounting plugin AndroidMedia
LogPluginManager: Mounting plugin AvfMedia
LogPluginManager: Mounting plugin ImgMedia
LogPluginManager: Mounting plugin MediaCompositing
LogPluginManager: Mounting plugin MediaPlayerEditor
LogPluginManager: Mounting plugin WebMMedia
LogPluginManager: Mounting plugin WmfMedia
LogPluginManager: Mounting plugin MeshPainting
LogPluginManager: Mounting plugin TcpMessaging
LogPluginManager: Mounting plugin UdpMessaging
LogPluginManager: Mounting plugin ActorSequence
LogPluginManager: Mounting plugin LevelSequenceEditor
LogPluginManager: Mounting plugin MatineeToLevelSequence
LogPluginManager: Mounting plugin MovieRenderPipeline
LogPluginManager: Mounting plugin TemplateSequence
LogPluginManager: Mounting plugin NetcodeUnitTest
LogPluginManager: Mounting plugin NUTUnrealEngine4
LogPluginManager: Mounting plugin OnlineSubsystemGooglePlay
LogPluginManager: Mounting plugin OnlineSubsystemIOS
LogPluginManager: Mounting plugin OnlineSubsystem
LogPluginManager: Mounting plugin OnlineSubsystemNull
LogPluginManager: Mounting plugin OnlineSubsystemUtils
LogPluginManager: Mounting plugin LauncherChunkInstaller
LogPluginManager: Mounting plugin AndroidDeviceProfileSelector
LogPluginManager: Mounting plugin AndroidMoviePlayer
LogPluginManager: Mounting plugin AndroidPermission
LogPluginManager: Mounting plugin AppleImageUtils
LogPluginManager: Mounting plugin AppleMoviePlayer
LogPluginManager: Mounting plugin ArchVisCharacter
LogPluginManager: Mounting plugin AssetTags
LogPluginManager: Mounting plugin AudioCapture
LogPluginManager: Mounting plugin CableComponent
LogPluginManager: Mounting plugin CustomMeshComponent
LogPluginManager: Mounting plugin EditableMesh
LogPluginManager: Mounting plugin ExampleDeviceProfileSelector
LogPluginManager: Mounting plugin GoogleCloudMessaging
LogPluginManager: Mounting plugin GooglePAD
LogPluginManager: Mounting plugin IOSDeviceProfileSelector
LogPluginManager: Mounting plugin LinuxDeviceProfileSelector
LogPluginManager: Mounting plugin LocationServicesBPLibrary
LogPluginManager: Mounting plugin MobilePatchingUtils
LogPluginManager: Mounting plugin OculusVR
LogPluginManager: Mounting plugin PhysXVehicles
LogPluginManager: Mounting plugin PostSplashScreen
LogPluginManager: Mounting plugin ProceduralMeshComponent
LogPluginManager: Mounting plugin RuntimePhysXCooking
LogPluginManager: Mounting plugin SignificanceManager
LogPluginManager: Mounting plugin SoundFields
LogPluginManager: Mounting plugin SteamVR
LogPluginManager: Mounting plugin Synthesis
LogPluginManager: Mounting plugin WebMMoviePlayer
LogPluginManager: Mounting plugin WindowsMoviePlayer
LogPluginManager: Mounting plugin ScreenshotTools
LogInit: Using libcurl 7.55.1-DEV
LogInit:  - built for x86_64-pc-win32
LogInit:  - supports SSL with OpenSSL/1.1.1
LogInit:  - supports HTTP deflate (compression) using libz 1.2.8
LogInit:  - other features:
LogInit:      CURL_VERSION_SSL
LogInit:      CURL_VERSION_LIBZ
LogInit:      CURL_VERSION_IPV6
LogInit:      CURL_VERSION_ASYNCHDNS
LogInit:      CURL_VERSION_LARGEFILE
LogInit:      CURL_VERSION_IDN
LogInit:  CurlRequestOptions (configurable via config and command line):
LogInit:  - bVerifyPeer = true  - Libcurl will verify peer certificate
LogInit:  - bUseHttpProxy = false  - Libcurl will NOT use HTTP proxy
LogInit:  - bDontReuseConnections = false  - Libcurl will reuse connections
LogInit:  - MaxHostConnections = 16  - Libcurl will limit the number of connections to a host
LogInit:  - LocalHostAddr = Default
LogInit:  - BufferSize = 65536
LogOnline: OSS: Creating online subsystem instance for: NULL
LogInit: WinSock: version 1.1 (2.2), MaxSocks=32767, MaxUdp=65467
LogOnline: OSS: TryLoadSubsystemAndSetDefault: Loaded subsystem for module [NULL]
LogInit: Build: ++UE4+Release-4.25-CL-13942748
LogInit: Engine Version: 4.25.3-13942748+++UE4+Release-4.25
LogInit: Compatible Engine Version: 4.25.0-13144385+++UE4+Release-4.25
LogInit: Net CL: 13144385
LogInit: OS: Windows 10 (Release 1903) (), CPU: Intel(R) Core(TM) i7-8700K CPU @ 3.70GHz, GPU: NVIDIA GeForce GTX 1080 Ti
LogInit: Compiled (64-bit): Jul 25 2020 02:07:48
LogInit: Compiled with Visual C++: 19.24.28315.00
LogInit: Build Configuration: Development
LogInit: Branch Name: ++UE4+Release-4.25
LogInit: Command Line: 
LogInit: Base Directory: C:/Program Files (x86)/Epic Games/UE_4.25/Engine/Binaries/Win64/
LogInit: Allocator: TBB
LogInit: Installed Engine Build: 1
LogDevObjectVersion: Number of dev versions registered: 26
LogDevObjectVersion:   Dev-Blueprints (B0D832E4-1F89-4F0D-ACCF-7EB736FD4AA2): 10
LogDevObjectVersion:   Dev-Build (E1C64328-A22C-4D53-A36C-8E866417BD8C): 0
LogDevObjectVersion:   Dev-Core (375EC13C-06E4-48FB-B500-84F0262A717E): 4
LogDevObjectVersion:   Dev-Editor (E4B068ED-F494-42E9-A231-DA0B2E46BB41): 38
LogDevObjectVersion:   Dev-Framework (CFFC743F-43B0-4480-9391-14DF171D2073): 37
LogDevObjectVersion:   Dev-Mobile (B02B49B5-BB20-44E9-A304-32B752E40360): 2
LogDevObjectVersion:   Dev-Networking (A4E4105C-59A1-49B5-A7C5-40C4547EDFEE): 0
LogDevObjectVersion:   Dev-Online (39C831C9-5AE6-47DC-9A44-9C173E1C8E7C): 0
LogDevObjectVersion:   Dev-Physics (78F01B33-EBEA-4F98-B9B4-84EACCB95AA2): 4
LogDevObjectVersion:   Dev-Platform (6631380F-2D4D-43E0-8009-CF276956A95A): 0
LogDevObjectVersion:   Dev-Rendering (12F88B9F-8875-4AFC-A67C-D90C383ABD29): 43
LogDevObjectVersion:   Dev-Sequencer (7B5AE74C-D270-4C10-A958-57980B212A5A): 12
LogDevObjectVersion:   Dev-VR (D7296918-1DD6-4BDD-9DE2-64A83CC13884): 3
LogDevObjectVersion:   Dev-LoadTimes (C2A15278-BFE7-4AFE-6C17-90FF531DF755): 1
LogDevObjectVersion:   Private-Geometry (6EACA3D4-40EC-4CC1-B786-8BED09428FC5): 3
LogDevObjectVersion:   Dev-AnimPhys (29E575DD-E0A3-4627-9D10-D276232CDCEA): 17
LogDevObjectVersion:   Dev-Anim (AF43A65D-7FD3-4947-9873-3E8ED9C1BB05): 7
LogDevObjectVersion:   Dev-ReflectionCapture (6B266CEC-1EC7-4B8F-A30B-E4D90942FC07): 1
LogDevObjectVersion:   Dev-Automation (0DF73D61-A23F-47EA-B727-89E90C41499A): 1
LogDevObjectVersion:   FortniteMain (601D1886-AC64-4F84-AA16-D3DE0DEAC7D6): 31
LogDevObjectVersion:   Dev-Enterprise (9DFFBCD6-494F-0158-E221-12823C92A888): 10
LogDevObjectVersion:   Dev-Niagara (F2AED0AC-9AFE-416F-8664-AA7FFA26D6FC): 1
LogDevObjectVersion:   Dev-Destruction (174F1F0B-B4C6-45A5-B13F-2EE8D0FB917D): 10
LogDevObjectVersion:   Dev-Physics-Ext (35F94A83-E258-406C-A318-09F59610247C): 37
LogDevObjectVersion:   Dev-PhysicsMaterial-Chaos (B68FC16E-8B1B-42E2-B453-215C058844FE): 1
LogDevObjectVersion:   Dev-CineCamera (B2E18506-4273-CFC2-A54E-F4BB758BBA07): 1
LogInit: Presizing for max 25165824 objects, including 0 objects not considered by GC, pre-allocating 0 bytes for permanent pool.
LogConfig: Applying CVar settings from Section [/Script/Engine.StreamingSettings] File [C:/Users/gamer/Desktop/Hide/GVSCVRProject/Project/Saved/Config/Windows/Engine.ini]
LogConfig: Setting CVar [[s.MinBulkDataSizeForAsyncLoading:131072]]
LogConfig: Setting CVar [[s.AsyncLoadingThreadEnabled:0]]
LogConfig: Setting CVar [[s.EventDrivenLoaderEnabled:1]]
LogConfig: Setting CVar [[s.WarnIfTimeLimitExceeded:0]]
LogConfig: Setting CVar [[s.TimeLimitExceededMultiplier:1.5]]
LogConfig: Setting CVar [[s.TimeLimitExceededMinTime:0.005]]
LogConfig: Setting CVar [[s.UseBackgroundLevelStreaming:1]]
LogConfig: Setting CVar [[s.PriorityAsyncLoadingExtraTime:15.0]]
LogConfig: Setting CVar [[s.LevelStreamingActorsUpdateTimeLimit:5.0]]
LogConfig: Setting CVar [[s.PriorityLevelStreamingActorsUpdateExtraTime:5.0]]
LogConfig: Setting CVar [[s.LevelStreamingComponentsRegistrationGranularity:10]]
LogConfig: Setting CVar [[s.UnregisterComponentsTimeLimit:1.0]]
LogConfig: Setting CVar [[s.LevelStreamingComponentsUnregistrationGranularity:5]]
LogConfig: Setting CVar [[s.FlushStreamingOnExit:1]]
LogInit: Object subsystem initialized
LogConfig: Setting CVar [[con.DebugEarlyDefault:1]]
LogConfig: Setting CVar [[r.setres:1280x720]]
[2020.11.10-19.54.10:203][  0]LogConfig: Setting CVar [[r.VSync:0]]
[2020.11.10-19.54.10:203][  0]LogConfig: Setting CVar [[r.RHICmdBypass:0]]
[2020.11.10-19.54.10:203][  0]LogConfig: Applying CVar settings from Section [/Script/Engine.RendererSettings] File [C:/Users/gamer/Desktop/Hide/GVSCVRProject/Project/Saved/Config/Windows/Engine.ini]
[2020.11.10-19.54.10:203][  0]LogConfig: Setting CVar [[r.GPUCrashDebugging:0]]
[2020.11.10-19.54.10:203][  0]LogConfig: Applying CVar settings from Section [/Script/Engine.RendererOverrideSettings] File [C:/Users/gamer/Desktop/Hide/GVSCVRProject/Project/Saved/Config/Windows/Engine.ini]
[2020.11.10-19.54.10:203][  0]LogConfig: Applying CVar settings from Section [/Script/Engine.StreamingSettings] File [C:/Users/gamer/Desktop/Hide/GVSCVRProject/Project/Saved/Config/Windows/Engine.ini]
[2020.11.10-19.54.10:203][  0]LogConfig: Setting CVar [[s.MinBulkDataSizeForAsyncLoading:131072]]
[2020.11.10-19.54.10:203][  0]LogConfig: Setting CVar [[s.AsyncLoadingThreadEnabled:0]]
[2020.11.10-19.54.10:203][  0]LogConfig: Setting CVar [[s.EventDrivenLoaderEnabled:1]]
[2020.11.10-19.54.10:203][  0]LogConfig: Setting CVar [[s.WarnIfTimeLimitExceeded:0]]
[2020.11.10-19.54.10:203][  0]LogConfig: Setting CVar [[s.TimeLimitExceededMultiplier:1.5]]
[2020.11.10-19.54.10:203][  0]LogConfig: Setting CVar [[s.TimeLimitExceededMinTime:0.005]]
[2020.11.10-19.54.10:203][  0]LogConfig: Setting CVar [[s.UseBackgroundLevelStreaming:1]]
[2020.11.10-19.54.10:203][  0]LogConfig: Setting CVar [[s.PriorityAsyncLoadingExtraTime:15.0]]
[2020.11.10-19.54.10:203][  0]LogConfig: Setting CVar [[s.LevelStreamingActorsUpdateTimeLimit:5.0]]
[2020.11.10-19.54.10:203][  0]LogConfig: Setting CVar [[s.PriorityLevelStreamingActorsUpdateExtraTime:5.0]]
[2020.11.10-19.54.10:203][  0]LogConfig: Setting CVar [[s.LevelStreamingComponentsRegistrationGranularity:10]]
[2020.11.10-19.54.10:203][  0]LogConfig: Setting CVar [[s.UnregisterComponentsTimeLimit:1.0]]
[2020.11.10-19.54.10:203][  0]LogConfig: Setting CVar [[s.LevelStreamingComponentsUnregistrationGranularity:5]]
[2020.11.10-19.54.10:203][  0]LogConfig: Setting CVar [[s.FlushStreamingOnExit:1]]
[2020.11.10-19.54.10:203][  0]LogConfig: Applying CVar settings from Section [/Script/Engine.GarbageCollectionSettings] File [C:/Users/gamer/Desktop/Hide/GVSCVRProject/Project/Saved/Config/Windows/Engine.ini]
[2020.11.10-19.54.10:203][  0]LogConfig: Setting CVar [[gc.MaxObjectsNotConsideredByGC:1]]
[2020.11.10-19.54.10:203][  0]LogConfig: Setting CVar [[gc.SizeOfPermanentObjectPool:0]]
[2020.11.10-19.54.10:203][  0]LogConfig: Setting CVar [[gc.FlushStreamingOnGC:0]]
[2020.11.10-19.54.10:203][  0]LogConfig: Setting CVar [[gc.NumRetriesBeforeForcingGC:10]]
[2020.11.10-19.54.10:203][  0]LogConfig: Setting CVar [[gc.AllowParallelGC:1]]
[2020.11.10-19.54.10:203][  0]LogConfig: Setting CVar [[gc.TimeBetweenPurgingPendingKillObjects:61.1]]
[2020.11.10-19.54.10:203][  0]LogConfig: Setting CVar [[gc.MaxObjectsInEditor:25165824]]
[2020.11.10-19.54.10:203][  0]LogConfig: Setting CVar [[gc.IncrementalBeginDestroyEnabled:1]]
[2020.11.10-19.54.10:203][  0]LogConfig: Setting CVar [[gc.CreateGCClusters:1]]
[2020.11.10-19.54.10:203][  0]LogConfig: Setting CVar [[gc.MinGCClusterSize:5]]
[2020.11.10-19.54.10:203][  0]LogConfig: Setting CVar [[gc.ActorClusteringEnabled:0]]
[2020.11.10-19.54.10:203][  0]LogConfig: Setting CVar [[gc.BlueprintClusteringEnabled:0]]
[2020.11.10-19.54.10:203][  0]LogConfig: Setting CVar [[gc.UseDisregardForGCOnDedicatedServers:0]]
[2020.11.10-19.54.10:203][  0]LogConfig: Applying CVar settings from Section [/Script/Engine.NetworkSettings] File [C:/Users/gamer/Desktop/Hide/GVSCVRProject/Project/Saved/Config/Windows/Engine.ini]
[2020.11.10-19.54.10:203][  0]LogConfig: Applying CVar settings from Section [/Script/UnrealEd.CookerSettings] File [C:/Users/gamer/Desktop/Hide/GVSCVRProject/Project/Saved/Config/Windows/Engine.ini]
[2020.11.10-19.54.10:205][  0]LogConfig: Applying CVar settings from Section [ViewDistanceQuality@3] File [C:/Users/gamer/Desktop/Hide/GVSCVRProject/Project/Saved/Config/Windows/Scalability.ini]
[2020.11.10-19.54.10:205][  0]LogConfig: Setting CVar [[r.SkeletalMeshLODBias:0]]
[2020.11.10-19.54.10:205][  0]LogConfig: Setting CVar [[r.ViewDistanceScale:1.0]]
[2020.11.10-19.54.10:205][  0]LogConfig: Applying CVar settings from Section [AntiAliasingQuality@3] File [C:/Users/gamer/Desktop/Hide/GVSCVRProject/Project/Saved/Config/Windows/Scalability.ini]
[2020.11.10-19.54.10:205][  0]LogConfig: Setting CVar [[r.PostProcessAAQuality:4]]
[2020.11.10-19.54.10:205][  0]LogConfig: Applying CVar settings from Section [ShadowQuality@3] File [C:/Users/gamer/Desktop/Hide/GVSCVRProject/Project/Saved/Config/Windows/Scalability.ini]
[2020.11.10-19.54.10:205][  0]LogConfig: Setting CVar [[r.LightFunctionQuality:1]]
[2020.11.10-19.54.10:205][  0]LogConfig: Setting CVar [[r.ShadowQuality:5]]
[2020.11.10-19.54.10:205][  0]LogConfig: Setting CVar [[r.Shadow.CSM.MaxCascades:10]]
[2020.11.10-19.54.10:205][  0]LogConfig: Setting CVar [[r.Shadow.MaxResolution:2048]]
[2020.11.10-19.54.10:205][  0]LogConfig: Setting CVar [[r.Shadow.MaxCSMResolution:2048]]
[2020.11.10-19.54.10:205][  0]LogConfig: Setting CVar [[r.Shadow.RadiusThreshold:0.01]]
[2020.11.10-19.54.10:205][  0]LogConfig: Setting CVar [[r.Shadow.DistanceScale:1.0]]
[2020.11.10-19.54.10:205][  0]LogConfig: Setting CVar [[r.Shadow.CSM.TransitionScale:1.0]]
[2020.11.10-19.54.10:205][  0]LogConfig: Setting CVar [[r.Shadow.PreShadowResolutionFactor:1.0]]
[2020.11.10-19.54.10:205][  0]LogConfig: Setting CVar [[r.DistanceFieldShadowing:1]]
[2020.11.10-19.54.10:205][  0]LogConfig: Setting CVar [[r.DistanceFieldAO:1]]
[2020.11.10-19.54.10:205][  0]LogConfig: Setting CVar [[r.AOQuality:2]]
[2020.11.10-19.54.10:205][  0]LogConfig: Setting CVar [[r.VolumetricFog:1]]
[2020.11.10-19.54.10:205][  0]LogConfig: Setting CVar [[r.VolumetricFog.GridPixelSize:8]]
[2020.11.10-19.54.10:205][  0]LogConfig: Setting CVar [[r.VolumetricFog.GridSizeZ:128]]
[2020.11.10-19.54.10:205][  0]LogConfig: Setting CVar [[r.VolumetricFog.HistoryMissSupersampleCount:4]]
[2020.11.10-19.54.10:205][  0]LogConfig: Setting CVar [[r.LightMaxDrawDistanceScale:1]]
[2020.11.10-19.54.10:205][  0]LogConfig: Setting CVar [[r.CapsuleShadows:1]]
[2020.11.10-19.54.10:205][  0]LogConfig: Applying CVar settings from Section [PostProcessQuality@3] File [C:/Users/gamer/Desktop/Hide/GVSCVRProject/Project/Saved/Config/Windows/Scalability.ini]
[2020.11.10-19.54.10:205][  0]LogConfig: Setting CVar [[r.MotionBlurQuality:4]]
[2020.11.10-19.54.10:205][  0]LogConfig: Setting CVar [[r.AmbientOcclusionMipLevelFactor:0.4]]
[2020.11.10-19.54.10:205][  0]LogConfig: Setting CVar [[r.AmbientOcclusionMaxQuality:100]]
[2020.11.10-19.54.10:205][  0]LogConfig: Setting CVar [[r.AmbientOcclusionLevels:-1]]
[2020.11.10-19.54.10:205][  0]LogConfig: Setting CVar [[r.AmbientOcclusionRadiusScale:1.0]]
[2020.11.10-19.54.10:205][  0]LogConfig: Setting CVar [[r.DepthOfFieldQuality:2]]
[2020.11.10-19.54.10:205][  0]LogConfig: Setting CVar [[r.RenderTargetPoolMin:400]]
[2020.11.10-19.54.10:205][  0]LogConfig: Setting CVar [[r.LensFlareQuality:2]]
[2020.11.10-19.54.10:205][  0]LogConfig: Setting CVar [[r.SceneColorFringeQuality:1]]
[2020.11.10-19.54.10:205][  0]LogConfig: Setting CVar [[r.EyeAdaptationQuality:2]]
[2020.11.10-19.54.10:205][  0]LogConfig: Setting CVar [[r.BloomQuality:5]]
[2020.11.10-19.54.10:205][  0]LogConfig: Setting CVar [[r.FastBlurThreshold:100]]
[2020.11.10-19.54.10:205][  0]LogConfig: Setting CVar [[r.Upscale.Quality:3]]
[2020.11.10-19.54.10:205][  0]LogConfig: Setting CVar [[r.Tonemapper.GrainQuantization:1]]
[2020.11.10-19.54.10:205][  0]LogConfig: Setting CVar [[r.LightShaftQuality:1]]
[2020.11.10-19.54.10:205][  0]LogConfig: Setting CVar [[r.Filter.SizeScale:1]]
[2020.11.10-19.54.10:205][  0]LogConfig: Setting CVar [[r.Tonemapper.Quality:5]]
[2020.11.10-19.54.10:205][  0]LogConfig: Setting CVar [[r.DOF.Gather.AccumulatorQuality:1        ; higher gathering accumulator quality]]
[2020.11.10-19.54.10:205][  0]LogConfig: Setting CVar [[r.DOF.Gather.PostfilterMethod:1          ; Median3x3 postfilering method]]
[2020.11.10-19.54.10:205][  0]LogConfig: Setting CVar [[r.DOF.Gather.EnableBokehSettings:0       ; no bokeh simulation when gathering]]
[2020.11.10-19.54.10:205][  0]LogConfig: Setting CVar [[r.DOF.Gather.RingCount:4                 ; medium number of samples when gathering]]
[2020.11.10-19.54.10:205][  0]LogConfig: Setting CVar [[r.DOF.Scatter.ForegroundCompositing:1    ; additive foreground scattering]]
[2020.11.10-19.54.10:205][  0]LogConfig: Setting CVar [[r.DOF.Scatter.BackgroundCompositing:2    ; additive background scattering]]
[2020.11.10-19.54.10:205][  0]LogConfig: Setting CVar [[r.DOF.Scatter.EnableBokehSettings:1      ; bokeh simulation when scattering]]
[2020.11.10-19.54.10:205][  0]LogConfig: Setting CVar [[r.DOF.Scatter.MaxSpriteRatio:0.1         ; only a maximum of 10% of scattered bokeh]]
[2020.11.10-19.54.10:206][  0]LogConfig: Setting CVar [[r.DOF.Recombine.Quality:1                ; cheap slight out of focus]]
[2020.11.10-19.54.10:206][  0]LogConfig: Setting CVar [[r.DOF.Recombine.EnableBokehSettings:0    ; no bokeh simulation on slight out of focus]]
[2020.11.10-19.54.10:206][  0]LogConfig: Setting CVar [[r.DOF.TemporalAAQuality:1                ; more stable temporal accumulation]]
[2020.11.10-19.54.10:206][  0]LogConfig: Setting CVar [[r.DOF.Kernel.MaxForegroundRadius:0.025]]
[2020.11.10-19.54.10:206][  0]LogConfig: Setting CVar [[r.DOF.Kernel.MaxBackgroundRadius:0.025]]
[2020.11.10-19.54.10:206][  0]LogConfig: Applying CVar settings from Section [TextureQuality@3] File [C:/Users/gamer/Desktop/Hide/GVSCVRProject/Project/Saved/Config/Windows/Scalability.ini]
[2020.11.10-19.54.10:206][  0]LogConfig: Setting CVar [[r.Streaming.MipBias:0]]
[2020.11.10-19.54.10:206][  0]LogConfig: Setting CVar [[r.Streaming.AmortizeCPUToGPUCopy:0]]
[2020.11.10-19.54.10:206][  0]LogConfig: Setting CVar [[r.Streaming.MaxNumTexturesToStreamPerFrame:0]]
[2020.11.10-19.54.10:206][  0]LogConfig: Setting CVar [[r.Streaming.Boost:1]]
[2020.11.10-19.54.10:206][  0]LogConfig: Setting CVar [[r.MaxAnisotropy:8]]
[2020.11.10-19.54.10:206][  0]LogConfig: Setting CVar [[r.VT.MaxAnisotropy:8]]
[2020.11.10-19.54.10:206][  0]LogConfig: Setting CVar [[r.Streaming.LimitPoolSizeToVRAM:0]]
[2020.11.10-19.54.10:206][  0]LogConfig: Setting CVar [[r.Streaming.PoolSize:1000]]
[2020.11.10-19.54.10:206][  0]LogConfig: Setting CVar [[r.Streaming.MaxEffectiveScreenSize:0]]
[2020.11.10-19.54.10:206][  0]LogConfig: Applying CVar settings from Section [EffectsQuality@3] File [C:/Users/gamer/Desktop/Hide/GVSCVRProject/Project/Saved/Config/Windows/Scalability.ini]
[2020.11.10-19.54.10:206][  0]LogConfig: Setting CVar [[r.TranslucencyLightingVolumeDim:64]]
[2020.11.10-19.54.10:206][  0]LogConfig: Setting CVar [[r.RefractionQuality:2]]
[2020.11.10-19.54.10:206][  0]LogConfig: Setting CVar [[r.SSR.Quality:3]]
[2020.11.10-19.54.10:206][  0]LogConfig: Setting CVar [[r.SSR.HalfResSceneColor:0]]
[2020.11.10-19.54.10:206][  0]LogConfig: Setting CVar [[r.SceneColorFormat:4]]
[2020.11.10-19.54.10:206][  0]LogConfig: Setting CVar [[r.DetailMode:2]]
[2020.11.10-19.54.10:206][  0]LogConfig: Setting CVar [[r.TranslucencyVolumeBlur:1]]
[2020.11.10-19.54.10:206][  0]LogConfig: Setting CVar [[r.MaterialQualityLevel:1 ; High quality]]
[2020.11.10-19.54.10:206][  0]LogConfig: Setting CVar [[r.SSS.Scale:1]]
[2020.11.10-19.54.10:206][  0]LogConfig: Setting CVar [[r.SSS.SampleSet:2]]
[2020.11.10-19.54.10:206][  0]LogConfig: Setting CVar [[r.SSS.Quality:1]]
[2020.11.10-19.54.10:206][  0]LogConfig: Setting CVar [[r.SSS.HalfRes:0]]
[2020.11.10-19.54.10:206][  0]LogConfig: Setting CVar [[r.SSGI.Quality:3]]
[2020.11.10-19.54.10:206][  0]LogConfig: Setting CVar [[r.EmitterSpawnRateScale:1.0]]
[2020.11.10-19.54.10:206][  0]LogConfig: Setting CVar [[r.ParticleLightQuality:2]]
[2020.11.10-19.54.10:206][  0]LogConfig: Setting CVar [[r.SkyAtmosphere.AerialPerspectiveLUT.FastApplyOnOpaque:1 ; Always have FastSkyLUT 1 in this case to avoid wrong sky]]
[2020.11.10-19.54.10:206][  0]LogConfig: Setting CVar [[r.SkyAtmosphere.AerialPerspectiveLUT.SampleCountPerSlice:1]]
[2020.11.10-19.54.10:206][  0]LogConfig: Setting CVar [[r.SkyAtmosphere.AerialPerspectiveLUT.DepthResolution:16.0]]
[2020.11.10-19.54.10:206][  0]LogConfig: Setting CVar [[r.SkyAtmosphere.FastSkyLUT:1]]
[2020.11.10-19.54.10:206][  0]LogConfig: Setting CVar [[r.SkyAtmosphere.FastSkyLUT.SampleCountMin:4.0]]
[2020.11.10-19.54.10:206][  0]LogConfig: Setting CVar [[r.SkyAtmosphere.FastSkyLUT.SampleCountMax:32.0]]
[2020.11.10-19.54.10:206][  0]LogConfig: Setting CVar [[r.SkyAtmosphere.SampleCountMin:4.0]]
[2020.11.10-19.54.10:206][  0]LogConfig: Setting CVar [[r.SkyAtmosphere.SampleCountMax:32.0]]
[2020.11.10-19.54.10:206][  0]LogConfig: Setting CVar [[r.SkyAtmosphere.TransmittanceLUT.UseSmallFormat:0]]
[2020.11.10-19.54.10:206][  0]LogConfig: Setting CVar [[r.SkyAtmosphere.TransmittanceLUT.SampleCount:10.0]]
[2020.11.10-19.54.10:206][  0]LogConfig: Setting CVar [[r.SkyAtmosphere.MultiScatteringLUT.SampleCount:15.0]]
[2020.11.10-19.54.10:206][  0]LogConfig: Applying CVar settings from Section [FoliageQuality@3] File [C:/Users/gamer/Desktop/Hide/GVSCVRProject/Project/Saved/Config/Windows/Scalability.ini]
[2020.11.10-19.54.10:206][  0]LogConfig: Setting CVar [[foliage.DensityScale:1.0]]
[2020.11.10-19.54.10:206][  0]LogConfig: Setting CVar [[grass.DensityScale:1.0]]
[2020.11.10-19.54.10:206][  0]LogConfig: Applying CVar settings from Section [ShadingQuality@3] File [C:/Users/gamer/Desktop/Hide/GVSCVRProject/Project/Saved/Config/Windows/Scalability.ini]
[2020.11.10-19.54.10:206][  0]LogConfig: Setting CVar [[r.HairStrands.SkyLighting.SampleCount:16]]
[2020.11.10-19.54.10:206][  0]LogConfig: Setting CVar [[r.HairStrands.SkyLighting.JitterIntegration:0]]
[2020.11.10-19.54.10:206][  0]LogConfig: Setting CVar [[r.HairStrands.SkyAO.SampleCount:16]]
[2020.11.10-19.54.10:206][  0]LogConfig: Setting CVar [[r.HairStrands.DeepShadow.SuperSampling:0]]
[2020.11.10-19.54.10:206][  0]LogConfig: Setting CVar [[r.HairStrands.VisibilityPPLL:0]]
[2020.11.10-19.54.10:206][  0]LogConfig: Setting CVar [[r.HairStrands.RasterizationScale:0.5]]
[2020.11.10-19.54.10:206][  0]LogConfig: Setting CVar [[r.HairStrands.VelocityRasterizationScale:1]]
[2020.11.10-19.54.10:206][  0]LogInit: Selected Device Profile: [Windows]
[2020.11.10-19.54.10:206][  0]LogInit: Applying CVar settings loaded from the selected device profile: [Windows]
[2020.11.10-19.54.10:206][  0]LogHAL: Display: Platform has ~ 32 GB [34290491392 / 34359738368 / 32], which maps to Largest [LargestMinGB=32, LargerMinGB=12, DefaultMinGB=8, SmallerMinGB=6, SmallestMinGB=0)
[2020.11.10-19.54.10:206][  0]LogInit: Going up to parent DeviceProfile []
[2020.11.10-19.54.10:206][  0]LogConfig: Applying CVar settings from Section [ViewDistanceQuality@3] File [C:/Users/gamer/Desktop/Hide/GVSCVRProject/Project/Saved/Config/Windows/Scalability.ini]
[2020.11.10-19.54.10:206][  0]LogConfig: Setting CVar [[r.SkeletalMeshLODBias:0]]
[2020.11.10-19.54.10:206][  0]LogConfig: Setting CVar [[r.ViewDistanceScale:1.0]]
[2020.11.10-19.54.10:206][  0]LogConfig: Applying CVar settings from Section [AntiAliasingQuality@3] File [C:/Users/gamer/Desktop/Hide/GVSCVRProject/Project/Saved/Config/Windows/Scalability.ini]
[2020.11.10-19.54.10:206][  0]LogConfig: Setting CVar [[r.PostProcessAAQuality:4]]
[2020.11.10-19.54.10:206][  0]LogConfig: Applying CVar settings from Section [ShadowQuality@3] File [C:/Users/gamer/Desktop/Hide/GVSCVRProject/Project/Saved/Config/Windows/Scalability.ini]
[2020.11.10-19.54.10:206][  0]LogConfig: Setting CVar [[r.LightFunctionQuality:1]]
[2020.11.10-19.54.10:206][  0]LogConfig: Setting CVar [[r.ShadowQuality:5]]
[2020.11.10-19.54.10:206][  0]LogConfig: Setting CVar [[r.Shadow.CSM.MaxCascades:10]]
[2020.11.10-19.54.10:206][  0]LogConfig: Setting CVar [[r.Shadow.MaxResolution:2048]]
[2020.11.10-19.54.10:206][  0]LogConfig: Setting CVar [[r.Shadow.MaxCSMResolution:2048]]
[2020.11.10-19.54.10:206][  0]LogConfig: Setting CVar [[r.Shadow.RadiusThreshold:0.01]]
[2020.11.10-19.54.10:206][  0]LogConfig: Setting CVar [[r.Shadow.DistanceScale:1.0]]
[2020.11.10-19.54.10:206][  0]LogConfig: Setting CVar [[r.Shadow.CSM.TransitionScale:1.0]]
[2020.11.10-19.54.10:206][  0]LogConfig: Setting CVar [[r.Shadow.PreShadowResolutionFactor:1.0]]
[2020.11.10-19.54.10:206][  0]LogConfig: Setting CVar [[r.DistanceFieldShadowing:1]]
[2020.11.10-19.54.10:206][  0]LogConfig: Setting CVar [[r.DistanceFieldAO:1]]
[2020.11.10-19.54.10:206][  0]LogConfig: Setting CVar [[r.AOQuality:2]]
[2020.11.10-19.54.10:206][  0]LogConfig: Setting CVar [[r.VolumetricFog:1]]
[2020.11.10-19.54.10:206][  0]LogConfig: Setting CVar [[r.VolumetricFog.GridPixelSize:8]]
[2020.11.10-19.54.10:206][  0]LogConfig: Setting CVar [[r.VolumetricFog.GridSizeZ:128]]
[2020.11.10-19.54.10:206][  0]LogConfig: Setting CVar [[r.VolumetricFog.HistoryMissSupersampleCount:4]]
[2020.11.10-19.54.10:206][  0]LogConfig: Setting CVar [[r.LightMaxDrawDistanceScale:1]]
[2020.11.10-19.54.10:206][  0]LogConfig: Setting CVar [[r.CapsuleShadows:1]]
[2020.11.10-19.54.10:206][  0]LogConfig: Applying CVar settings from Section [PostProcessQuality@3] File [C:/Users/gamer/Desktop/Hide/GVSCVRProject/Project/Saved/Config/Windows/Scalability.ini]
[2020.11.10-19.54.10:206][  0]LogConfig: Setting CVar [[r.MotionBlurQuality:4]]
[2020.11.10-19.54.10:206][  0]LogConfig: Setting CVar [[r.AmbientOcclusionMipLevelFactor:0.4]]
[2020.11.10-19.54.10:206][  0]LogConfig: Setting CVar [[r.AmbientOcclusionMaxQuality:100]]
[2020.11.10-19.54.10:206][  0]LogConfig: Setting CVar [[r.AmbientOcclusionLevels:-1]]
[2020.11.10-19.54.10:206][  0]LogConfig: Setting CVar [[r.AmbientOcclusionRadiusScale:1.0]]
[2020.11.10-19.54.10:206][  0]LogConfig: Setting CVar [[r.DepthOfFieldQuality:2]]
[2020.11.10-19.54.10:206][  0]LogConfig: Setting CVar [[r.RenderTargetPoolMin:400]]
[2020.11.10-19.54.10:206][  0]LogConfig: Setting CVar [[r.LensFlareQuality:2]]
[2020.11.10-19.54.10:206][  0]LogConfig: Setting CVar [[r.SceneColorFringeQuality:1]]
[2020.11.10-19.54.10:206][  0]LogConfig: Setting CVar [[r.EyeAdaptationQuality:2]]
[2020.11.10-19.54.10:206][  0]LogConfig: Setting CVar [[r.BloomQuality:5]]
[2020.11.10-19.54.10:207][  0]LogConfig: Setting CVar [[r.FastBlurThreshold:100]]
[2020.11.10-19.54.10:207][  0]LogConfig: Setting CVar [[r.Upscale.Quality:3]]
[2020.11.10-19.54.10:207][  0]LogConfig: Setting CVar [[r.Tonemapper.GrainQuantization:1]]
[2020.11.10-19.54.10:207][  0]LogConfig: Setting CVar [[r.LightShaftQuality:1]]
[2020.11.10-19.54.10:207][  0]LogConfig: Setting CVar [[r.Filter.SizeScale:1]]
[2020.11.10-19.54.10:207][  0]LogConfig: Setting CVar [[r.Tonemapper.Quality:5]]
[2020.11.10-19.54.10:207][  0]LogConfig: Setting CVar [[r.DOF.Gather.AccumulatorQuality:1        ; higher gathering accumulator quality]]
[2020.11.10-19.54.10:207][  0]LogConfig: Setting CVar [[r.DOF.Gather.PostfilterMethod:1          ; Median3x3 postfilering method]]
[2020.11.10-19.54.10:207][  0]LogConfig: Setting CVar [[r.DOF.Gather.EnableBokehSettings:0       ; no bokeh simulation when gathering]]
[2020.11.10-19.54.10:207][  0]LogConfig: Setting CVar [[r.DOF.Gather.RingCount:4                 ; medium number of samples when gathering]]
[2020.11.10-19.54.10:207][  0]LogConfig: Setting CVar [[r.DOF.Scatter.ForegroundCompositing:1    ; additive foreground scattering]]
[2020.11.10-19.54.10:207][  0]LogConfig: Setting CVar [[r.DOF.Scatter.BackgroundCompositing:2    ; additive background scattering]]
[2020.11.10-19.54.10:207][  0]LogConfig: Setting CVar [[r.DOF.Scatter.EnableBokehSettings:1      ; bokeh simulation when scattering]]
[2020.11.10-19.54.10:207][  0]LogConfig: Setting CVar [[r.DOF.Scatter.MaxSpriteRatio:0.1         ; only a maximum of 10% of scattered bokeh]]
[2020.11.10-19.54.10:207][  0]LogConfig: Setting CVar [[r.DOF.Recombine.Quality:1                ; cheap slight out of focus]]
[2020.11.10-19.54.10:207][  0]LogConfig: Setting CVar [[r.DOF.Recombine.EnableBokehSettings:0    ; no bokeh simulation on slight out of focus]]
[2020.11.10-19.54.10:207][  0]LogConfig: Setting CVar [[r.DOF.TemporalAAQuality:1                ; more stable temporal accumulation]]
[2020.11.10-19.54.10:207][  0]LogConfig: Setting CVar [[r.DOF.Kernel.MaxForegroundRadius:0.025]]
[2020.11.10-19.54.10:207][  0]LogConfig: Setting CVar [[r.DOF.Kernel.MaxBackgroundRadius:0.025]]
[2020.11.10-19.54.10:207][  0]LogConfig: Applying CVar settings from Section [TextureQuality@3] File [C:/Users/gamer/Desktop/Hide/GVSCVRProject/Project/Saved/Config/Windows/Scalability.ini]
[2020.11.10-19.54.10:207][  0]LogConfig: Setting CVar [[r.Streaming.MipBias:0]]
[2020.11.10-19.54.10:207][  0]LogConfig: Setting CVar [[r.Streaming.AmortizeCPUToGPUCopy:0]]
[2020.11.10-19.54.10:207][  0]LogConfig: Setting CVar [[r.Streaming.MaxNumTexturesToStreamPerFrame:0]]
[2020.11.10-19.54.10:207][  0]LogConfig: Setting CVar [[r.Streaming.Boost:1]]
[2020.11.10-19.54.10:207][  0]LogConfig: Setting CVar [[r.MaxAnisotropy:8]]
[2020.11.10-19.54.10:207][  0]LogConfig: Setting CVar [[r.VT.MaxAnisotropy:8]]
[2020.11.10-19.54.10:207][  0]LogConfig: Setting CVar [[r.Streaming.LimitPoolSizeToVRAM:0]]
[2020.11.10-19.54.10:207][  0]LogConfig: Setting CVar [[r.Streaming.PoolSize:1000]]
[2020.11.10-19.54.10:207][  0]LogConfig: Setting CVar [[r.Streaming.MaxEffectiveScreenSize:0]]
[2020.11.10-19.54.10:207][  0]LogConfig: Applying CVar settings from Section [EffectsQuality@3] File [C:/Users/gamer/Desktop/Hide/GVSCVRProject/Project/Saved/Config/Windows/Scalability.ini]
[2020.11.10-19.54.10:207][  0]LogConfig: Setting CVar [[r.TranslucencyLightingVolumeDim:64]]
[2020.11.10-19.54.10:207][  0]LogConfig: Setting CVar [[r.RefractionQuality:2]]
[2020.11.10-19.54.10:207][  0]LogConfig: Setting CVar [[r.SSR.Quality:3]]
[2020.11.10-19.54.10:207][  0]LogConfig: Setting CVar [[r.SSR.HalfResSceneColor:0]]
[2020.11.10-19.54.10:207][  0]LogConfig: Setting CVar [[r.SceneColorFormat:4]]
[2020.11.10-19.54.10:207][  0]LogConfig: Setting CVar [[r.DetailMode:2]]
[2020.11.10-19.54.10:207][  0]LogConfig: Setting CVar [[r.TranslucencyVolumeBlur:1]]
[2020.11.10-19.54.10:207][  0]LogConfig: Setting CVar [[r.MaterialQualityLevel:1 ; High quality]]
[2020.11.10-19.54.10:207][  0]LogConfig: Setting CVar [[r.SSS.Scale:1]]
[2020.11.10-19.54.10:207][  0]LogConfig: Setting CVar [[r.SSS.SampleSet:2]]
[2020.11.10-19.54.10:207][  0]LogConfig: Setting CVar [[r.SSS.Quality:1]]
[2020.11.10-19.54.10:207][  0]LogConfig: Setting CVar [[r.SSS.HalfRes:0]]
[2020.11.10-19.54.10:207][  0]LogConfig: Setting CVar [[r.SSGI.Quality:3]]
[2020.11.10-19.54.10:207][  0]LogConfig: Setting CVar [[r.EmitterSpawnRateScale:1.0]]
[2020.11.10-19.54.10:207][  0]LogConfig: Setting CVar [[r.ParticleLightQuality:2]]
[2020.11.10-19.54.10:207][  0]LogConfig: Setting CVar [[r.SkyAtmosphere.AerialPerspectiveLUT.FastApplyOnOpaque:1 ; Always have FastSkyLUT 1 in this case to avoid wrong sky]]
[2020.11.10-19.54.10:207][  0]LogConfig: Setting CVar [[r.SkyAtmosphere.AerialPerspectiveLUT.SampleCountPerSlice:1]]
[2020.11.10-19.54.10:207][  0]LogConfig: Setting CVar [[r.SkyAtmosphere.AerialPerspectiveLUT.DepthResolution:16.0]]
[2020.11.10-19.54.10:207][  0]LogConfig: Setting CVar [[r.SkyAtmosphere.FastSkyLUT:1]]
[2020.11.10-19.54.10:207][  0]LogConfig: Setting CVar [[r.SkyAtmosphere.FastSkyLUT.SampleCountMin:4.0]]
[2020.11.10-19.54.10:207][  0]LogConfig: Setting CVar [[r.SkyAtmosphere.FastSkyLUT.SampleCountMax:32.0]]
[2020.11.10-19.54.10:207][  0]LogConfig: Setting CVar [[r.SkyAtmosphere.SampleCountMin:4.0]]
[2020.11.10-19.54.10:207][  0]LogConfig: Setting CVar [[r.SkyAtmosphere.SampleCountMax:32.0]]
[2020.11.10-19.54.10:207][  0]LogConfig: Setting CVar [[r.SkyAtmosphere.TransmittanceLUT.UseSmallFormat:0]]
[2020.11.10-19.54.10:207][  0]LogConfig: Setting CVar [[r.SkyAtmosphere.TransmittanceLUT.SampleCount:10.0]]
[2020.11.10-19.54.10:207][  0]LogConfig: Setting CVar [[r.SkyAtmosphere.MultiScatteringLUT.SampleCount:15.0]]
[2020.11.10-19.54.10:207][  0]LogConfig: Applying CVar settings from Section [FoliageQuality@3] File [C:/Users/gamer/Desktop/Hide/GVSCVRProject/Project/Saved/Config/Windows/Scalability.ini]
[2020.11.10-19.54.10:207][  0]LogConfig: Setting CVar [[foliage.DensityScale:1.0]]
[2020.11.10-19.54.10:207][  0]LogConfig: Setting CVar [[grass.DensityScale:1.0]]
[2020.11.10-19.54.10:207][  0]LogConfig: Applying CVar settings from Section [ShadingQuality@3] File [C:/Users/gamer/Desktop/Hide/GVSCVRProject/Project/Saved/Config/Windows/Scalability.ini]
[2020.11.10-19.54.10:207][  0]LogConfig: Setting CVar [[r.HairStrands.SkyLighting.SampleCount:16]]
[2020.11.10-19.54.10:207][  0]LogConfig: Setting CVar [[r.HairStrands.SkyLighting.JitterIntegration:0]]
[2020.11.10-19.54.10:207][  0]LogConfig: Setting CVar [[r.HairStrands.SkyAO.SampleCount:16]]
[2020.11.10-19.54.10:207][  0]LogConfig: Setting CVar [[r.HairStrands.DeepShadow.SuperSampling:0]]
[2020.11.10-19.54.10:207][  0]LogConfig: Setting CVar [[r.HairStrands.VisibilityPPLL:0]]
[2020.11.10-19.54.10:207][  0]LogConfig: Setting CVar [[r.HairStrands.RasterizationScale:0.5]]
[2020.11.10-19.54.10:207][  0]LogConfig: Setting CVar [[r.HairStrands.VelocityRasterizationScale:1]]
[2020.11.10-19.54.10:207][  0]LogConfig: Applying CVar settings from Section [Startup] File [../../../Engine/Config/ConsoleVariables.ini]
[2020.11.10-19.54.10:207][  0]LogConfig: Setting CVar [[net.UseAdaptiveNetUpdateFrequency:0]]
[2020.11.10-19.54.10:207][  0]LogConfig: Setting CVar [[p.chaos.AllowCreatePhysxBodies:1]]
[2020.11.10-19.54.10:207][  0]LogConfig: Setting CVar [[fx.SkipVectorVMBackendOptimizations:1]]
[2020.11.10-19.54.10:207][  0]LogConfig: Applying CVar settings from Section [ConsoleVariables] File [C:/Users/gamer/Desktop/Hide/GVSCVRProject/Project/Saved/Config/Windows/Engine.ini]
[2020.11.10-19.54.10:207][  0]LogInit: Computer: DESKTOP-A7MAQF6
[2020.11.10-19.54.10:207][  0]LogInit: User: gamer
[2020.11.10-19.54.10:207][  0]LogInit: CPU Page size=4096, Cores=6
[2020.11.10-19.54.10:207][  0]LogInit: High frequency timer resolution =10.000000 MHz
[2020.11.10-19.54.10:208][  0]LogMemory: Memory total: Physical=31.9GB (32GB approx)
[2020.11.10-19.54.10:208][  0]LogMemory: Platform Memory Stats for Windows
[2020.11.10-19.54.10:208][  0]LogMemory: Process Physical Memory: 114.72 MB used, 114.73 MB peak
[2020.11.10-19.54.10:208][  0]LogMemory: Process Virtual Memory: 97.43 MB used, 97.43 MB peak
[2020.11.10-19.54.10:208][  0]LogMemory: Physical Memory: 6583.68 MB used,  26118.28 MB free, 32701.96 MB total
[2020.11.10-19.54.10:208][  0]LogMemory: Virtual Memory: 5164.88 MB used,  134212560.00 MB free, 134217728.00 MB total
[2020.11.10-19.54.10:211][  0]LogWindows: WindowsPlatformFeatures enabled
[2020.11.10-19.54.10:236][  0]LogInit: Physics initialised using underlying interface: PhysX
[2020.11.10-19.54.10:236][  0]LogInit: Using OS detected language (en-US).
[2020.11.10-19.54.10:236][  0]LogInit: Using OS detected locale (en-US).
[2020.11.10-19.54.10:239][  0]LogTextLocalizationManager: No specific localization for 'en-US' exists, so the 'en' localization will be used.
[2020.11.10-19.54.10:365][  0]LogInit: Setting process to per monitor DPI aware
[2020.11.10-19.54.10:389][  0]LogSlate: New Slate User Created.  User Index 0, Is Virtual User: 0
[2020.11.10-19.54.10:389][  0]LogSlate: Slate User Registered.  User Index 0, Is Virtual User: 0
[2020.11.10-19.54.10:498][  0]LogHMD: Failed to initialize OpenVR with code 110
[2020.11.10-19.54.10:498][  0]LogD3D11RHI: D3D11 min allowed feature level: 11_0
[2020.11.10-19.54.10:498][  0]LogD3D11RHI: D3D11 max allowed feature level: 11_0
[2020.11.10-19.54.10:498][  0]LogD3D11RHI: D3D11 adapters:
[2020.11.10-19.54.10:551][  0]LogD3D11RHI:    0. 'NVIDIA GeForce GTX 1080 Ti' (Feature Level 11_0)
[2020.11.10-19.54.10:551][  0]LogD3D11RHI:       11127/0/16350 MB DedicatedVideo/DedicatedSystem/SharedSystem, Outputs:1, VendorId:0x10de
[2020.11.10-19.54.10:553][  0]LogD3D11RHI:    1. 'Microsoft Basic Render Driver' (Feature Level 11_0)
[2020.11.10-19.54.10:553][  0]LogD3D11RHI:       0/0/16350 MB DedicatedVideo/DedicatedSystem/SharedSystem, Outputs:0, VendorId:0x1414
[2020.11.10-19.54.10:553][  0]LogD3D11RHI: Chosen D3D11 Adapter: 0
[2020.11.10-19.54.10:558][  0]LogD3D11RHI: Creating new Direct3DDevice
[2020.11.10-19.54.10:558][  0]LogD3D11RHI:     GPU DeviceId: 0x1b06 (for the marketing name, search the web for "GPU Device Id")
[2020.11.10-19.54.10:558][  0]LogWindows: EnumDisplayDevices:
[2020.11.10-19.54.10:558][  0]LogWindows:    0. 'NVIDIA GeForce GTX 1080 Ti' (P:1 D:1)
[2020.11.10-19.54.10:558][  0]LogWindows:    1. 'NVIDIA GeForce GTX 1080 Ti' (P:0 D:0)
[2020.11.10-19.54.10:558][  0]LogWindows:    2. 'NVIDIA GeForce GTX 1080 Ti' (P:0 D:0)
[2020.11.10-19.54.10:559][  0]LogWindows:    3. 'NVIDIA GeForce GTX 1080 Ti' (P:0 D:0)
[2020.11.10-19.54.10:559][  0]LogWindows: DebugString: FoundDriverCount:4 
[2020.11.10-19.54.10:559][  0]LogD3D11RHI:     Adapter Name: NVIDIA GeForce GTX 1080 Ti
[2020.11.10-19.54.10:559][  0]LogD3D11RHI:   Driver Version: 445.87 (internal:26.21.14.4587, unified:445.87)
[2020.11.10-19.54.10:559][  0]LogD3D11RHI:      Driver Date: 4-3-2020
[2020.11.10-19.54.10:559][  0]LogRHI: Texture pool is 7788 MB (70% of 11127 MB)
[2020.11.10-19.54.10:592][  0]LogD3D11RHI: RHI has support for 64 bit atomics
[2020.11.10-19.54.10:594][  0]LogD3D11RHI: [Aftermath] Enabled and primed
[2020.11.10-19.54.10:594][  0]LogD3D11RHI: Async texture creation enabled
[2020.11.10-19.54.10:594][  0]LogD3D11RHI: Array index from any shader is supported
[2020.11.10-19.54.10:607][  0]LogD3D11RHI: GPU Timing Frequency: 1000.000000 (Debug: 2 1)
[2020.11.10-19.54.10:838][  0]LogTargetPlatformManager: Display: Loaded TargetPlatform 'AllDesktop'
[2020.11.10-19.54.10:859][  0]LogTargetPlatformManager: Display: Loaded TargetPlatform 'Android'
[2020.11.10-19.54.10:859][  0]LogTargetPlatformManager: Display: Loaded TargetPlatform 'Android_ASTC'
[2020.11.10-19.54.10:859][  0]LogTargetPlatformManager: Display: Loaded TargetPlatform 'Android_DXT'
[2020.11.10-19.54.10:859][  0]LogTargetPlatformManager: Display: Loaded TargetPlatform 'Android_ETC2'
[2020.11.10-19.54.10:859][  0]LogTargetPlatformManager: Display: Loaded TargetPlatform 'AndroidClient'
[2020.11.10-19.54.10:859][  0]LogTargetPlatformManager: Display: Loaded TargetPlatform 'Android_ASTCClient'
[2020.11.10-19.54.10:859][  0]LogTargetPlatformManager: Display: Loaded TargetPlatform 'Android_DXTClient'
[2020.11.10-19.54.10:859][  0]LogTargetPlatformManager: Display: Loaded TargetPlatform 'Android_ETC2Client'
[2020.11.10-19.54.10:859][  0]LogTargetPlatformManager: Display: Loaded TargetPlatform 'Android_Multi'
[2020.11.10-19.54.10:859][  0]LogTargetPlatformManager: Display: Loaded TargetPlatform 'Android_MultiClient'
[2020.11.10-19.54.10:878][  0]LogTargetPlatformManager: Display: Loaded TargetPlatform 'IOSClient'
[2020.11.10-19.54.10:878][  0]LogTargetPlatformManager: Display: Loaded TargetPlatform 'IOS'
[2020.11.10-19.54.10:886][  0]LogTargetPlatformManager: Display: Loaded TargetPlatform 'Linux'
[2020.11.10-19.54.10:894][  0]LogTargetPlatformManager: Display: Loaded TargetPlatform 'LinuxNoEditor'
[2020.11.10-19.54.10:902][  0]LogTargetPlatformManager: Display: Loaded TargetPlatform 'LinuxClient'
[2020.11.10-19.54.10:909][  0]LogTargetPlatformManager: Display: Loaded TargetPlatform 'LinuxServer'
[2020.11.10-19.54.10:916][  0]LogTargetPlatformManager: Display: Loaded TargetPlatform 'LinuxAArch64NoEditor'
[2020.11.10-19.54.10:924][  0]LogTargetPlatformManager: Display: Loaded TargetPlatform 'LinuxAArch64Client'
[2020.11.10-19.54.10:931][  0]LogTargetPlatformManager: Display: Loaded TargetPlatform 'LinuxAArch64Server'
[2020.11.10-19.54.10:952][  0]LogTargetPlatformManager: Display: Loaded TargetPlatform 'Lumin'
[2020.11.10-19.54.10:952][  0]LogTargetPlatformManager: Display: Loaded TargetPlatform 'LuminClient'
[2020.11.10-19.54.10:965][  0]LogTargetPlatformManager: Display: Loaded TargetPlatform 'TVOSClient'
[2020.11.10-19.54.10:965][  0]LogTargetPlatformManager: Display: Loaded TargetPlatform 'TVOS'
[2020.11.10-19.54.10:972][  0]LogTargetPlatformManager: Display: Loaded TargetPlatform 'WindowsNoEditor'
[2020.11.10-19.54.10:979][  0]LogTargetPlatformManager: Display: Loaded TargetPlatform 'Windows'
[2020.11.10-19.54.10:986][  0]LogTargetPlatformManager: Display: Loaded TargetPlatform 'WindowsClient'
[2020.11.10-19.54.10:994][  0]LogTargetPlatformManager: Display: Loaded TargetPlatform 'WindowsServer'
[2020.11.10-19.54.10:994][  0]LogTargetPlatformManager: Display: Building Assets For Windows
[2020.11.10-19.54.10:999][  0]LogAudioDebug: Display: Lib vorbis DLL was dynamically loaded.
[2020.11.10-19.54.11:055][  0]LogShaderCompilers: Guid format shader working directory is -19 characters bigger than the processId version (../../../../../../Users/gamer/Desktop/Hide/GVSCVRProject/Project/Intermediate/Shaders/WorkingDirectory/15164/).
[2020.11.10-19.54.11:055][  0]LogShaderCompilers: Cleaned the shader compiler working directory 'C:/Users/gamer/AppData/Local/Temp/UnrealShaderWorkingDir/11CFEDDA4ED9894A72C522918AAB587D/'.
[2020.11.10-19.54.11:055][  0]LogXGEController: Cannot use XGE Controller as Incredibuild is not installed on this machine.
[2020.11.10-19.54.11:056][  0]LogShaderCompilers: Cannot use XGE Shader Compiler as Incredibuild is not installed on this machine.
[2020.11.10-19.54.11:056][  0]LogShaderCompilers: Display: Using Local Shader Compiler.
[2020.11.10-19.54.11:667][  0]LogDerivedDataCache: Display: Max Cache Size: 512 MB
[2020.11.10-19.54.11:710][  0]LogDerivedDataCache: Loaded boot cache 0.04s 76MB C:/Users/gamer/AppData/Local/UnrealEngine/4.25/DerivedDataCache/Boot.ddc.
[2020.11.10-19.54.11:710][  0]LogDerivedDataCache: Display: Loaded Boot cache: C:/Users/gamer/AppData/Local/UnrealEngine/4.25/DerivedDataCache/Boot.ddc
[2020.11.10-19.54.11:710][  0]LogDerivedDataCache: FDerivedDataBackendGraph:  Pak pak cache file ../../../../../../Users/gamer/Desktop/Hide/GVSCVRProject/Project/DerivedDataCache/DDC.ddp not found, will not use a pak cache.
[2020.11.10-19.54.11:710][  0]LogDerivedDataCache: Unable to find inner node Pak for hierarchical cache Hierarchy.
[2020.11.10-19.54.11:710][  0]LogDerivedDataCache: FDerivedDataBackendGraph:  CompressedPak pak cache file ../../../../../../Users/gamer/Desktop/Hide/GVSCVRProject/Project/DerivedDataCache/Compressed.ddp not found, will not use a pak cache.
[2020.11.10-19.54.11:710][  0]LogDerivedDataCache: Unable to find inner node CompressedPak for hierarchical cache Hierarchy.
[2020.11.10-19.54.11:717][  0]LogDerivedDataCache: Display: Pak cache opened for reading ../../../Engine/DerivedDataCache/Compressed.ddp.
[2020.11.10-19.54.11:717][  0]LogDerivedDataCache: FDerivedDataBackendGraph:  EnterprisePak pak cache file ../../../Enterprise/DerivedDataCache/Compressed.ddp not found, will not use a pak cache.
[2020.11.10-19.54.11:717][  0]LogDerivedDataCache: Unable to find inner node EnterprisePak for hierarchical cache Hierarchy.
[2020.11.10-19.54.11:719][  0]LogDerivedDataCache: Using Local data cache path C:/Users/gamer/AppData/Local/UnrealEngine/Common/DerivedDataCache: Writable
[2020.11.10-19.54.11:719][  0]LogDerivedDataCache: Shared data cache path not found in *engine.ini, will not use an Shared cache.
[2020.11.10-19.54.11:719][  0]LogDerivedDataCache: Unable to find inner node Shared for hierarchical cache Hierarchy.
[2020.11.10-19.54.11:759][  0]LogSlate: Using FreeType 2.10.0
[2020.11.10-19.54.11:759][  0]LogSlate: SlateFontServices - WITH_FREETYPE: 1, WITH_HARFBUZZ: 1
[2020.11.10-19.54.11:780][  0]LogAssetRegistry: FAssetRegistry took 0.0020 seconds to start up
[2020.11.10-19.54.11:960][  0]LogInit: Selected Device Profile: [Windows]
[2020.11.10-19.54.12:047][  0]LogMeshReduction: Using QuadricMeshReduction for automatic static mesh reduction
[2020.11.10-19.54.12:047][  0]LogMeshReduction: Using SimplygonMeshReduction for automatic skeletal mesh reduction
[2020.11.10-19.54.12:047][  0]LogMeshReduction: Using ProxyLODMeshReduction for automatic mesh merging
[2020.11.10-19.54.12:047][  0]LogMeshReduction: No distributed automatic mesh merging module available
[2020.11.10-19.54.12:047][  0]LogMeshMerging: No distributed automatic mesh merging module available
[2020.11.10-19.54.12:058][  0]LogNetVersion: Project 1.0.0, NetCL: 13144385, EngineNetVer: 14, GameNetVer: 0 (Checksum: 289691133)
[2020.11.10-19.54.12:393][  0]LogAISub: UAISubsystem::UAISubsystem AISubsystem (00000268D459DBC0), frame # 0
[2020.11.10-19.54.12:393][  0]LogAISub: UAISubsystem::UAISubsystem AIPerceptionSystem (00000268D44FAAC0), frame # 0
[2020.11.10-19.54.12:394][  0]LogAISub: UAISubsystem::UAISubsystem EnvQueryManager (00000268D4549E00), frame # 0
[2020.11.10-19.54.12:435][  0]LogPackageLocalizationCache: Processed 19 localized package path(s) for 1 prioritized culture(s) in 0.036087 seconds
[2020.11.10-19.54.12:438][  0]LogUObjectArray: 15917 objects as part of root set at end of initial load.
[2020.11.10-19.54.12:438][  0]LogUObjectAllocator: 3965568 out of 0 bytes used by permanent object pool.
[2020.11.10-19.54.12:438][  0]LogUObjectArray: CloseDisregardForGC: 0/0 objects in disregard for GC pool
[2020.11.10-19.54.12:691][  0]LogTcpMessaging: Initializing TcpMessaging bridge
[2020.11.10-19.54.12:694][  0]LogUdpMessaging: Initializing bridge on interface 0.0.0.0:0 to multicast group 230.0.0.1:6666.
[2020.11.10-19.54.12:756][  0]SourceControl: Source control is disabled
[2020.11.10-19.54.12:756][  0]SourceControl: Source control is disabled
[2020.11.10-19.54.12:759][  0]SourceControl: Source control is disabled
[2020.11.10-19.54.12:761][  0]SourceControl: Source control is disabled
[2020.11.10-19.54.12:766][  0]SourceControl: Source control is disabled
[2020.11.10-19.54.12:948][  0]LogAndroidPermission: UAndroidPermissionCallbackProxy::GetInstance
[2020.11.10-19.54.12:963][  0]LogAudioCaptureCore: Display: No Audio Capture implementations found. Audio input will be silent.
[2020.11.10-19.54.12:963][  0]LogAudioCaptureCore: Display: No Audio Capture implementations found. Audio input will be silent.
[2020.11.10-19.54.13:000][  0]LogOcInput: OculusInput pre-init called
[2020.11.10-19.54.13:008][  0]LogWindows: Failed to load 'OVRPlugin.dll' (GetLastError=126)
[2020.11.10-19.54.13:008][  0]LogWindows: File 'OVRPlugin.dll' does not exist
[2020.11.10-19.54.13:054][  0]LogEngine: Initializing Engine...
[2020.11.10-19.54.13:055][  0]LogHMD: Failed to initialize OpenVR with code 110
[2020.11.10-19.54.13:055][  0]LogMagicLeap: Warning: VR disabled because ZI is not enabled.  To enable, in the editor, Edit -> Project Settings -> Plugins -> Magic Leap Plugin -> Enable Zero Iteration
[2020.11.10-19.54.13:055][  0]LogStats: UGameplayTagsManager::InitializeManager -  0.000 s
[2020.11.10-19.54.13:143][  0]LogInit: Initializing FReadOnlyCVARCache
[2020.11.10-19.54.13:149][  0]LogAIModule: Creating AISystem for world Untitled
[2020.11.10-19.54.13:149][  0]LogAISub: UAISubsystem::UAISubsystem EnvQueryManager (00000268D6A67C00), frame # 0
[2020.11.10-19.54.13:149][  0]LogAISub: UAISubsystem::UAISubsystem AIPerceptionSystem (00000268D6B060C0), frame # 0
[2020.11.10-19.54.13:164][  0]LogAudioMixer: Display: Audio Mixer Platform Settings:
[2020.11.10-19.54.13:164][  0]LogAudioMixer: Display: 	Sample Rate:						  48000
[2020.11.10-19.54.13:164][  0]LogAudioMixer: Display: 	Callback Buffer Frame Size Requested: 1024
[2020.11.10-19.54.13:164][  0]LogAudioMixer: Display: 	Callback Buffer Frame Size To Use:	  1024
[2020.11.10-19.54.13:164][  0]LogAudioMixer: Display: 	Number of buffers to queue:			  2
[2020.11.10-19.54.13:164][  0]LogAudioMixer: Display: 	Max Channels (voices):				  32
[2020.11.10-19.54.13:164][  0]LogAudioMixer: Display: 	Number of Async Source Workers:		  0
[2020.11.10-19.54.13:164][  0]LogAudio: Display: AudioDevice MaxSources: 32
[2020.11.10-19.54.13:164][  0]LogAudio: Display: Using built-in audio occlusion.
[2020.11.10-19.54.13:164][  0]LogAudioMixer: Display: Initializing audio mixer.
[2020.11.10-19.54.13:172][  0]LogAudioMixer: Display: 0: FrontLeft
[2020.11.10-19.54.13:172][  0]LogAudioMixer: Display: 1: FrontRight
[2020.11.10-19.54.13:197][  0]LogAudioMixer: Display: Using Audio Device XG2402 SERIES (NVIDIA High Definition Audio)
[2020.11.10-19.54.13:200][  0]LogAudioMixer: Display: Initializing Sound Submixes...
[2020.11.10-19.54.13:201][  0]LogAudioMixer: Display: Creating Master Submix 'MasterSubmixDefault'
[2020.11.10-19.54.13:201][  0]LogAudioMixer: Display: Creating Master Submix 'MasterReverbSubmixDefault'
[2020.11.10-19.54.13:202][  0]LogAudioMixer: Display: Creating Master Submix 'MasterEQSubmixDefault'
[2020.11.10-19.54.13:203][  0]LogInit: FAudioDevice initialized.
[2020.11.10-19.54.13:203][  0]LogNetVersion: Set ProjectVersion to 1.0.0.0. Version Checksum will be recalculated on next use.
[2020.11.10-19.54.13:269][  0]LogDerivedDataCache: Saved boot cache 0.07s 76MB C:/Users/gamer/AppData/Local/UnrealEngine/4.25/DerivedDataCache/Boot.ddc.
[2020.11.10-19.54.13:269][  0]LogInit: Texture streaming: Enabled
[2020.11.10-19.54.13:282][  0]LogEngineSessionManager: EngineSessionManager initialized
[2020.11.10-19.54.13:282][  0]LogEditorSessionSummary: Verbose: Initializing EditorSessionSummaryWriter for editor session tracking
[2020.11.10-19.54.13:287][  0]LogEditorSessionSummary: EditorSessionSummaryWriter initialized
[2020.11.10-19.54.13:332][  0]LogInit: Transaction tracking system initialized
[2020.11.10-19.54.13:348][  0]BlueprintLog: New page: Editor Load
[2020.11.10-19.54.13:403][  0]LocalizationService: Localization service is disabled
[2020.11.10-19.54.13:519][  0]LogCook: Display: Max memory allowance for cook 16384mb min free memory 0mb
[2020.11.10-19.54.13:519][  0]LogCook: Display: Mobile HDR setting 1
[2020.11.10-19.54.13:616][  0]LogFileCache: Scanning file cache for directory 'C:/Users/gamer/Desktop/Hide/GVSCVRProject/Project/Content/' took 0.00s
[2020.11.10-19.54.13:794][  0]SourceControl: Source control is disabled
[2020.11.10-19.54.13:794][  0]LogUnrealEdMisc: Loading editor; pre map load, took 4.870
[2020.11.10-19.54.13:794][  0]Cmd: MAP LOAD FILE="../../../../../../Users/gamer/Desktop/Hide/GVSCVRProject/Project/Content/RTS/Maps/RTS_Test_Map.umap" TEMPLATE=0 SHOWPROGRESS=1 FEATURELEVEL=3
[2020.11.10-19.54.13:794][  0]LightingResults: New page: Lighting Build
[2020.11.10-19.54.13:795][  0]LogWorld: UWorld::CleanupWorld for Untitled, bSessionEnded=true, bCleanupResources=true
[2020.11.10-19.54.13:795][  0]LogSlate: InvalidateAllWidgets triggered.  All widgets were invalidated
[2020.11.10-19.54.13:795][  0]MapCheck: New page: Map Check
[2020.11.10-19.54.13:795][  0]LightingResults: New page: Lighting Build
[2020.11.10-19.54.13:803][  0]LogAISub: UAISubsystem::~UAISubsystem EnvQueryManager (00000268D6A67C00), frame # 0
[2020.11.10-19.54.13:803][  0]LogAISub: UAISubsystem::~UAISubsystem AIPerceptionSystem (00000268D6B060C0), frame # 0
[2020.11.10-19.54.13:803][  0]LogUObjectHash: Compacting FUObjectHashTables data took   0.50ms
[2020.11.10-19.54.14:056][  0]LogAIModule: Creating AISystem for world RTS_Test_Map
[2020.11.10-19.54.14:056][  0]LogAISub: UAISubsystem::UAISubsystem EnvQueryManager (00000268CADB3E00), frame # 0
[2020.11.10-19.54.14:056][  0]LogAISub: UAISubsystem::UAISubsystem AIPerceptionSystem (00000268CADC07C0), frame # 0
[2020.11.10-19.54.14:082][  0]LogEditorServer: Finished looking for orphan Actors (0.000 secs)
[2020.11.10-19.54.14:095][  0]LogUObjectHash: Compacting FUObjectHashTables data took   0.62ms
[2020.11.10-19.54.14:095][  0]Cmd: MAP CHECKDEP NOCLEARLOG
[2020.11.10-19.54.14:095][  0]MapCheck: Map check complete: 0 Error(s), 0 Warning(s), took 0.15ms to complete.
[2020.11.10-19.54.14:095][  0]LogFileHelpers: Loading map 'RTS_Test_Map' took 0.302
[2020.11.10-19.54.14:096][  0]LogUnrealEdMisc: Total Editor Startup Time, took 5.173
[2020.11.10-19.54.14:287][  0]LogSlate: Updating window title bar state: overlay mode, drag disabled, window buttons hidden, title bar hidden
[2020.11.10-19.54.14:296][  0]LogSlate: Updating window title bar state: overlay mode, drag disabled, window buttons hidden, title bar hidden
[2020.11.10-19.54.14:304][  0]LogSlate: Updating window title bar state: overlay mode, drag disabled, window buttons hidden, title bar hidden
[2020.11.10-19.54.14:312][  0]LogSlate: Updating window title bar state: overlay mode, drag disabled, window buttons hidden, title bar hidden
[2020.11.10-19.54.14:321][  0]LogCollectionManager: Loaded 0 collections in 0.001694 seconds
[2020.11.10-19.54.14:332][  0]LogFileCache: Scanning file cache for directory 'C:/Users/gamer/Desktop/Hide/GVSCVRProject/Project/Saved/Collections/' took 0.00s
[2020.11.10-19.54.14:332][  0]LogFileCache: Scanning file cache for directory 'C:/Users/gamer/Desktop/Hide/GVSCVRProject/Project/Content/Developers/gamer/Collections/' took 0.00s
[2020.11.10-19.54.14:332][  0]LogFileCache: Scanning file cache for directory 'C:/Users/gamer/Desktop/Hide/GVSCVRProject/Project/Content/Collections/' took 0.00s
[2020.11.10-19.54.14:332][  0]LogContentBrowser: Native class hierarchy populated in 0.0072 seconds. Added 3427 classes and 821 folders.
[2020.11.10-19.54.14:334][  0]LogContentBrowser: Native class hierarchy updated for 'WidgetCarousel' in 0.0002 seconds. Added 0 classes and 0 folders.
[2020.11.10-19.54.14:380][  0]LogContentBrowser: Native class hierarchy updated for 'AddContentDialog' in 0.0003 seconds. Added 0 classes and 0 folders.
[2020.11.10-19.54.14:381][  0]LogContentBrowser: Native class hierarchy updated for 'SceneOutliner' in 0.0002 seconds. Added 2 classes and 0 folders.
[2020.11.10-19.54.14:414][  0]LogSlate: Took 0.000154 seconds to synchronously load lazily loaded font '../../../Engine/Content/Slate/Fonts/Roboto-Regular.ttf' (155K)
[2020.11.10-19.54.14:415][  0]LogSlate: Took 0.000097 seconds to synchronously load lazily loaded font '../../../Engine/Content/Slate/Fonts/Roboto-Bold.ttf' (160K)
[2020.11.10-19.54.14:419][  0]LogSlate: Took 0.000099 seconds to synchronously load lazily loaded font '../../../Engine/Content/Editor/Slate/Fonts/FontAwesome.ttf' (139K)
[2020.11.10-19.54.14:472][  0]LogRenderer: Reallocating scene render targets to support 1108x572 Format 10 NumSamples 1 (Frame:1).
[2020.11.10-19.54.14:539][  0]LogContentBrowser: Native class hierarchy updated for 'HierarchicalLODOutliner' in 0.0002 seconds. Added 0 classes and 0 folders.
[2020.11.10-19.54.14:539][  0]LogLoad: (Engine Initialization) Total time: 5.62 seconds
[2020.11.10-19.54.14:539][  0]LogLoad: (Engine Initialization) Total Blueprint compile time: 0.00 seconds
[2020.11.10-19.54.14:570][  0]LogAssetRegistry: Asset discovery search completed in 2.7908 seconds
[2020.11.10-19.54.14:572][  0]LogCollectionManager: Fixed up redirectors for 0 collections in 0.000002 seconds (updated 0 objects)
[2020.11.10-19.54.14:579][  0]LogContentStreaming: Texture pool size now 1000 MB
[2020.11.10-19.54.14:604][  0]LogSlate: Took 0.000125 seconds to synchronously load lazily loaded font '../../../Engine/Content/Slate/Fonts/Roboto-Light.ttf' (167K)
[2020.11.10-19.54.15:570][108]LogSlate: Took 0.000170 seconds to synchronously load lazily loaded font '../../../Engine/Content/Slate/Fonts/Roboto-Light.ttf' (167K)
[2020.11.10-19.54.43:534][352]LogEditorViewport: Clicking on Actor (LMB): Landscape (Landscape)
[2020.11.10-19.54.48:087][856]LogAssetEditorSubsystem: Opening Asset editor for Blueprint /Game/RTS/Blueprints/CameraPawnController.CameraPawnController
[2020.11.10-19.54.48:267][856]LogContentBrowser: Native class hierarchy updated for 'BlueprintGraph' in 0.0004 seconds. Added 125 classes and 0 folders.
[2020.11.10-19.54.49:001][856]LogSlate: Took 0.000164 seconds to synchronously load lazily loaded font '../../../Engine/Content/Slate/Fonts/Roboto-BoldCondensed.ttf' (158K)
[2020.11.10-19.54.49:080][857]LogSlate: Took 0.000161 seconds to synchronously load lazily loaded font '../../../Engine/Content/Slate/Fonts/Roboto-Italic.ttf' (157K)
[2020.11.10-19.55.01:379][127]LogSlate: Window 'CameraPawnController' being destroyed
[2020.11.10-19.55.27:685][255]LogAssetEditorSubsystem: Opening Asset editor for Blueprint /Game/RTS/Libraries/FuctionLibrary.FuctionLibrary
[2020.11.10-19.55.27:967][255]LogAssetEditorSubsystem: Opening Asset editor for Blueprint /Game/RTS/Blueprints/NPC_Basic.NPC_Basic
[2020.11.10-19.55.28:269][255]LogAssetEditorSubsystem: Opening Asset editor for Blueprint /Game/RTS/Blueprints/NPC_AIController.NPC_AIController
[2020.11.10-19.55.36:865][235]LogWorld: UWorld::CleanupWorld for World_6, bSessionEnded=true, bCleanupResources=true
[2020.11.10-19.55.36:865][235]LogSlate: InvalidateAllWidgets triggered.  All widgets were invalidated
[2020.11.10-19.55.49:443][706]LogRenderer: Reallocating scene render targets to support 1212x708 Format 10 NumSamples 1 (Frame:1).
[2020.11.10-20.04.14:451][231]LogUObjectHash: Compacting FUObjectHashTables data took   1.66ms
[2020.11.10-20.04.14:452][231]LogFileHelpers: Editor autosave (incl. sublevels) for '/Game/RTS/Maps/RTS_Test_Map' took 0.028
[2020.11.10-20.04.14:453][231]OBJ SavePackage: Generating thumbnails for [1] asset(s) in package [/Game/RTS/Blueprints/NPC_Basic] ([1] browsable assets)...
[2020.11.10-20.04.14:471][231]OBJ SavePackage:     Rendered thumbnail for [Blueprint /Game/RTS/Blueprints/NPC_Basic.NPC_Basic]
[2020.11.10-20.04.14:471][231]OBJ SavePackage: Finished generating thumbnails for package [/Game/RTS/Blueprints/NPC_Basic]
[2020.11.10-20.04.14:499][231]LogSavePackage: Moving '../../../../../../Users/gamer/Desktop/Hide/GVSCVRProject/Project/Saved/NPC_Basic_Auto1BD86276742B88CD70123F0B0F78F2051.tmp' to '../../../../../../Users/gamer/Desktop/Hide/GVSCVRProject/Project/Saved/Autosaves/Game/RTS/Blueprints/NPC_Basic_Auto1.uasset'
[2020.11.10-20.04.14:500][231]OBJ SavePackage: Generating thumbnails for [0] asset(s) in package [/Game/RTS/Blueprints/CameraPawnController] ([1] browsable assets)...
[2020.11.10-20.04.14:500][231]OBJ SavePackage: Finished generating thumbnails for package [/Game/RTS/Blueprints/CameraPawnController]
[2020.11.10-20.04.14:545][231]LogSavePackage: Moving '../../../../../../Users/gamer/Desktop/Hide/GVSCVRProject/Project/Saved/CameraPawnController_Auto18277349C4F6ACC72AFC3EC92D8887AA6.tmp' to '../../../../../../Users/gamer/Desktop/Hide/GVSCVRProject/Project/Saved/Autosaves/Game/RTS/Blueprints/CameraPawnController_Auto1.uasset'
[2020.11.10-20.04.14:546][231]LogFileHelpers: Auto-saving content packages took 0.093
[2020.11.10-22.56.30:520][705]BlueprintLog: New page: Compile CameraPawnController
[2020.11.10-22.56.30:580][705]LogUObjectHash: Compacting FUObjectHashTables data took   1.60ms
[2020.11.10-22.56.30:666][705]LogSavePackage: Moving '../../../../../../Users/gamer/Desktop/Hide/GVSCVRProject/Project/Saved/CameraPawnControllerED222DBB4E29E90F64D1D9840946BB1B.tmp' to '../../../../../../Users/gamer/Desktop/Hide/GVSCVRProject/Project/Content/RTS/Blueprints/CameraPawnController.uasset'
[2020.11.10-22.56.30:681][705]AssetCheck: New page: Asset Save: CameraPawnController
[2020.11.10-22.56.30:681][705]LogContentValidation: Display: Validating Blueprint /Game/RTS/Blueprints/CameraPawnController.CameraPawnController
[2020.11.10-22.56.30:737][705]LogSlate: Took 0.000087 seconds to synchronously load lazily loaded font '../../../Engine/Content/Slate/Fonts/DroidSansMono.ttf' (77K)
[2020.11.10-22.56.31:058][734]LogSavePackage: Moving '../../../../../../Users/gamer/Desktop/Hide/GVSCVRProject/Project/Saved/CameraPawnController0F34E6C04D62E61B95F7E2A7F2B2D290.tmp' to '../../../../../../Users/gamer/Desktop/Hide/GVSCVRProject/Project/Content/RTS/Blueprints/CameraPawnController.uasset'
[2020.11.10-22.56.31:069][734]AssetCheck: New page: Asset Save: CameraPawnController
[2020.11.10-22.56.31:069][734]LogContentValidation: Display: Validating Blueprint /Game/RTS/Blueprints/CameraPawnController.CameraPawnController
[2020.11.10-22.56.32:211][855]LogTemp: Repeating last play command: New Editor Window (PIE)
[2020.11.10-22.56.32:225][855]LogPlayLevel: PlayLevel: No blueprints needed recompiling
[2020.11.10-22.56.32:225][855]PIE: New page: PIE session: RTS_Test_Map (Nov 10, 2020, 12:56:32 PM)
[2020.11.10-22.56.32:226][855]LogOnline: OSS: Creating online subsystem instance for: NULL
[2020.11.10-22.56.32:227][855]LogOnline: OSS: TryLoadSubsystemAndSetDefault: Loaded subsystem for module [NULL]
[2020.11.10-22.56.32:227][855]LogPlayLevel: Creating play world package: /Game/RTS/Maps/UEDPIE_0_RTS_Test_Map
[2020.11.10-22.56.32:249][855]LogPlayLevel: PIE: StaticDuplicateObject took: (0.021230s)
[2020.11.10-22.56.32:250][855]LogAIModule: Creating AISystem for world RTS_Test_Map
[2020.11.10-22.56.32:250][855]LogAISub: UAISubsystem::UAISubsystem EnvQueryManager (000002692A5D4E00), frame # 1276855
[2020.11.10-22.56.32:250][855]LogAISub: UAISubsystem::UAISubsystem AIPerceptionSystem (00000269154E39C0), frame # 1276855
[2020.11.10-22.56.32:250][855]LogPlayLevel: PIE: World Init took: (0.001289s)
[2020.11.10-22.56.32:250][855]LogPlayLevel: PIE: Created PIE world by copying editor world from /Game/RTS/Maps/RTS_Test_Map.RTS_Test_Map to /Game/RTS/Maps/UEDPIE_0_RTS_Test_Map.RTS_Test_Map (0.022693s)
[2020.11.10-22.56.32:274][855]LogUObjectHash: Compacting FUObjectHashTables data took   1.74ms
[2020.11.10-22.56.32:275][855]LogAudioMixer: Display: Audio Mixer Platform Settings:
[2020.11.10-22.56.32:275][855]LogAudioMixer: Display: 	Sample Rate:						  48000
[2020.11.10-22.56.32:275][855]LogAudioMixer: Display: 	Callback Buffer Frame Size Requested: 1024
[2020.11.10-22.56.32:275][855]LogAudioMixer: Display: 	Callback Buffer Frame Size To Use:	  1024
[2020.11.10-22.56.32:275][855]LogAudioMixer: Display: 	Number of buffers to queue:			  2
[2020.11.10-22.56.32:275][855]LogAudioMixer: Display: 	Max Channels (voices):				  32
[2020.11.10-22.56.32:275][855]LogAudioMixer: Display: 	Number of Async Source Workers:		  0
[2020.11.10-22.56.32:275][855]LogAudio: Display: AudioDevice MaxSources: 32
[2020.11.10-22.56.32:276][855]LogAudio: Display: Using built-in audio occlusion.
[2020.11.10-22.56.32:276][855]LogAudioMixer: Display: Initializing audio mixer.
[2020.11.10-22.56.32:278][855]LogAudioMixer: Display: 0: FrontLeft
[2020.11.10-22.56.32:278][855]LogAudioMixer: Display: 1: FrontRight
[2020.11.10-22.56.32:290][855]LogAudioMixer: Display: Using Audio Device XG2402 SERIES (NVIDIA High Definition Audio)
[2020.11.10-22.56.32:290][855]LogAudioMixer: Display: Initializing Sound Submixes...
[2020.11.10-22.56.32:290][855]LogAudioMixer: Display: Creating Master Submix 'MasterSubmixDefault'
[2020.11.10-22.56.32:291][855]LogAudioMixer: Display: Creating Master Submix 'MasterReverbSubmixDefault'
[2020.11.10-22.56.32:291][855]LogAudioMixer: Display: Creating Master Submix 'MasterEQSubmixDefault'
[2020.11.10-22.56.32:300][855]LogInit: FAudioDevice initialized.
[2020.11.10-22.56.32:347][855]LogSlate: Updating window title bar state: overlay mode, drag disabled, window buttons hidden, title bar hidden
[2020.11.10-22.56.32:347][855]LogLoad: Game class is 'GameMode_C'
[2020.11.10-22.56.32:351][855]LogWorld: Bringing World /Game/RTS/Maps/UEDPIE_0_RTS_Test_Map.RTS_Test_Map up for play (max tick rate 0) at 2020.11.10-17.56.32
[2020.11.10-22.56.32:352][855]LogWorld: Bringing up level for play took: 0.003355
[2020.11.10-22.56.32:352][855]LogOnline: OSS: Creating online subsystem instance for: :Context_8
[2020.11.10-22.56.32:355][855]LogContentBrowser: Native class hierarchy updated for 'MovieSceneCapture' in 0.0003 seconds. Added 20 classes and 0 folders.
[2020.11.10-22.56.32:357][855]PIE: Server logged in
[2020.11.10-22.56.32:359][855]PIE: Play in editor total start time 0.136 seconds.
[2020.11.10-22.56.32:366][855]LogScript: Warning: Script Msg: Divide by zero detected: 0.000000 / 0
Script call stack:
	Function /Game/RTS/Blueprints/CameraPawnController.CameraPawnController_C:InpAxisKeyEvt_MouseY_K2Node_InputAxisKeyEvent_1
	Function /Game/RTS/Blueprints/CameraPawnController.CameraPawnController_C:ExecuteUbergraph_CameraPawnController

[2020.11.10-22.56.32:366][855]LogScript: Warning: Script Msg: Divide by zero detected: 0.000000 / 0
Script call stack:
	Function /Game/RTS/Blueprints/CameraPawnController.CameraPawnController_C:InpAxisKeyEvt_MouseY_K2Node_InputAxisKeyEvent_1
	Function /Game/RTS/Blueprints/CameraPawnController.CameraPawnController_C:ExecuteUbergraph_CameraPawnController

[2020.11.10-22.56.32:366][855]LogScript: Warning: Script Msg: Divide by zero detected: 0.000000 / 0
Script call stack:
	Function /Game/RTS/Blueprints/CameraPawnController.CameraPawnController_C:InpAxisKeyEvt_MouseX_K2Node_InputAxisKeyEvent_0
	Function /Game/RTS/Blueprints/CameraPawnController.CameraPawnController_C:ExecuteUbergraph_CameraPawnController

[2020.11.10-22.56.32:366][855]LogScript: Warning: Script Msg: Divide by zero detected: 0.000000 / 0
Script call stack:
	Function /Game/RTS/Blueprints/CameraPawnController.CameraPawnController_C:InpAxisKeyEvt_MouseX_K2Node_InputAxisKeyEvent_0
	Function /Game/RTS/Blueprints/CameraPawnController.CameraPawnController_C:ExecuteUbergraph_CameraPawnController

[2020.11.10-22.56.32:398][856]LogRenderer: Reallocating scene render targets to support 1280x720 Format 10 NumSamples 1 (Frame:1).
[2020.11.10-22.56.35:258][166]LogSpawn: Warning: SpawnActor failed because of collision at the spawn location [X=0.000 Y=0.000 Z=93.000] for [NPC_Basic_C]
[2020.11.10-22.56.35:476][192]LogSpawn: Warning: SpawnActor failed because of collision at the spawn location [X=0.000 Y=0.000 Z=93.000] for [NPC_Basic_C]
[2020.11.10-22.56.35:650][213]LogSpawn: Warning: SpawnActor failed because of collision at the spawn location [X=0.000 Y=0.000 Z=93.000] for [NPC_Basic_C]
[2020.11.10-22.56.35:817][233]LogSpawn: Warning: SpawnActor failed because of collision at the spawn location [X=0.000 Y=0.000 Z=93.000] for [NPC_Basic_C]
[2020.11.10-22.56.35:984][253]LogSpawn: Warning: SpawnActor failed because of collision at the spawn location [X=0.000 Y=0.000 Z=93.000] for [NPC_Basic_C]
[2020.11.10-22.56.36:143][272]LogSpawn: Warning: SpawnActor failed because of collision at the spawn location [X=0.000 Y=0.000 Z=93.000] for [NPC_Basic_C]
[2020.11.10-22.56.38:210][520]LogSpawn: Warning: SpawnActor failed because of collision at the spawn location [X=0.000 Y=0.000 Z=93.000] for [NPC_Basic_C]
[2020.11.10-22.56.38:435][547]LogSpawn: Warning: SpawnActor failed because of collision at the spawn location [X=0.000 Y=0.000 Z=93.000] for [NPC_Basic_C]
[2020.11.10-22.56.39:011][616]LogSpawn: Warning: SpawnActor failed because of collision at the spawn location [X=0.000 Y=0.000 Z=93.000] for [NPC_Basic_C]
[2020.11.10-22.56.39:263][646]LogSpawn: Warning: SpawnActor failed because of collision at the spawn location [X=0.000 Y=0.000 Z=93.000] for [NPC_Basic_C]
[2020.11.10-22.56.48:154][711]LogSpawn: Warning: SpawnActor failed because of collision at the spawn location [X=0.000 Y=0.000 Z=93.000] for [NPC_Basic_C]
[2020.11.10-22.56.48:687][775]LogSpawn: Warning: SpawnActor failed because of collision at the spawn location [X=0.000 Y=0.000 Z=93.000] for [NPC_Basic_C]
[2020.11.10-22.56.50:757][ 19]LogSlate: Updating window title bar state: overlay mode, drag disabled, window buttons hidden, title bar hidden
[2020.11.10-22.56.50:757][ 19]LogWorld: BeginTearingDown for /Game/RTS/Maps/UEDPIE_0_RTS_Test_Map
[2020.11.10-22.56.50:757][ 19]LogSlate: Window 'Project Preview [NetMode: Standalone] (64-bit/Windows) ' being destroyed
[2020.11.10-22.56.50:761][ 19]LogWorld: UWorld::CleanupWorld for RTS_Test_Map, bSessionEnded=true, bCleanupResources=true
[2020.11.10-22.56.50:762][ 19]LogSlate: InvalidateAllWidgets triggered.  All widgets were invalidated
[2020.11.10-22.56.50:768][ 19]LogPlayLevel: Display: Shutting down PIE online subsystems
[2020.11.10-22.56.50:771][ 19]LogSlate: InvalidateAllWidgets triggered.  All widgets were invalidated
[2020.11.10-22.56.50:815][ 19]LogAISub: UAISubsystem::~UAISubsystem AIPerceptionSystem (00000269154E39C0), frame # 1279019
[2020.11.10-22.56.50:815][ 19]LogAISub: UAISubsystem::~UAISubsystem EnvQueryManager (000002692A5D4E00), frame # 1279019
[2020.11.10-22.56.50:832][ 19]LogUObjectHash: Compacting FUObjectHashTables data took   2.64ms
[2020.11.10-22.56.50:854][ 20]LogPlayLevel: Display: Destroying online subsystem :Context_8
[2020.11.10-22.58.40:213][351]LogBlueprint: Error: [Compiler CameraPawnTemp] Can't connect pins  Self  and  Controller : Self Object Reference is not compatible with Camera Pawn Controller Object Reference.
[2020.11.10-22.58.40:213][351]LogBlueprint: Error: [Compiler CameraPawnTemp] Can't connect pins  Controller  and  Self : Camera Pawn Controller Object Reference is not compatible with Self Object Reference.
[2020.11.10-22.58.40:252][351]LogUObjectHash: Compacting FUObjectHashTables data took   2.27ms
[2020.11.10-22.58.40:265][351]LogBlueprint: Error: [Compiler CameraPawnTemp] Can't connect pins  Self  and  Controller : Self Object Reference is not compatible with Camera Pawn Controller Object Reference.
[2020.11.10-22.58.40:265][351]LogBlueprint: Error: [Compiler CameraPawnTemp] Can't connect pins  Controller  and  Self : Camera Pawn Controller Object Reference is not compatible with Self Object Reference.
[2020.11.10-22.58.42:296][571]LogUObjectHash: Compacting FUObjectHashTables data took   1.92ms
[2020.11.10-22.58.42:392][571]LogSavePackage: Moving '../../../../../../Users/gamer/Desktop/Hide/GVSCVRProject/Project/Saved/RTS_Test_MapC0758DE4458E0CB07DB36A9B9CBC2B02.tmp' to '../../../../../../Users/gamer/Desktop/Hide/GVSCVRProject/Project/Content/RTS/Maps/RTS_Test_Map.umap'
[2020.11.10-22.58.42:415][571]Cmd: OBJ SAVEPACKAGE PACKAGE="/Game/RTS/Maps/RTS_Test_Map_BuiltData" FILE="../../../../../../Users/gamer/Desktop/Hide/GVSCVRProject/Project/Content/RTS/Maps/RTS_Test_Map_BuiltData.uasset" SILENT=true
[2020.11.10-22.58.42:624][571]LogSavePackage: Moving '../../../../../../Users/gamer/Desktop/Hide/GVSCVRProject/Project/Saved/RTS_Test_Map_BuiltDataBDC685104B3393A4E17A8FB8DA5EEF45.tmp' to '../../../../../../Users/gamer/Desktop/Hide/GVSCVRProject/Project/Content/RTS/Maps/RTS_Test_Map_BuiltData.uasset'
[2020.11.10-22.58.42:640][571]AssetCheck: New page: Asset Save: multiple assets
[2020.11.10-22.58.42:640][571]LogContentValidation: Display: Validating World /Game/RTS/Maps/RTS_Test_Map.RTS_Test_Map
[2020.11.10-22.58.42:640][571]LogContentValidation: Display: Validating MapBuildDataRegistry /Game/RTS/Maps/RTS_Test_Map_BuiltData.RTS_Test_Map_BuiltData
[2020.11.10-22.58.45:515][911]LogAssetEditorSubsystem: Opening Asset editor for Blueprint /Game/RTS/Blueprints/CameraPawnTemp.CameraPawnTemp
[2020.11.10-22.58.45:830][911]LogSlate: Warning: Ignoring SetUserFocus because it's not an active modal Window (user 0 not set to SGraphPanel [SGraphEditorImpl.cpp(329)].
[2020.11.10-22.59.09:465][156]Cmd: OBJ SAVEPACKAGE PACKAGE="/Game/RTS/Blueprints/CameraPawnTemp" FILE="../../../../../../Users/gamer/Desktop/Hide/GVSCVRProject/Project/Content/RTS/Blueprints/CameraPawnTemp.uasset" SILENT=true
[2020.11.10-22.59.09:508][156]LogSavePackage: Moving '../../../../../../Users/gamer/Desktop/Hide/GVSCVRProject/Project/Saved/CameraPawnTemp3A8F13E64399EB1DA90D51A7077E149F.tmp' to '../../../../../../Users/gamer/Desktop/Hide/GVSCVRProject/Project/Content/RTS/Blueprints/CameraPawnTemp.uasset'
[2020.11.10-22.59.09:520][156]AssetCheck: New page: Asset Save: CameraPawnTemp
[2020.11.10-22.59.09:520][156]LogContentValidation: Display: Validating Blueprint /Game/RTS/Blueprints/CameraPawnTemp.CameraPawnTemp
[2020.11.10-22.59.10:797][306]Cmd: OBJ SAVEPACKAGE PACKAGE="/Game/RTS/Blueprints/CameraPawnTemp" FILE="../../../../../../Users/gamer/Desktop/Hide/GVSCVRProject/Project/Content/RTS/Blueprints/CameraPawnTemp.uasset" SILENT=true
[2020.11.10-22.59.10:844][306]LogSavePackage: Moving '../../../../../../Users/gamer/Desktop/Hide/GVSCVRProject/Project/Saved/CameraPawnTemp2AD457144F4B99335956AD965C1A6265.tmp' to '../../../../../../Users/gamer/Desktop/Hide/GVSCVRProject/Project/Content/RTS/Blueprints/CameraPawnTemp.uasset'
[2020.11.10-22.59.10:853][306]AssetCheck: New page: Asset Save: CameraPawnTemp
[2020.11.10-22.59.10:854][306]LogContentValidation: Display: Validating Blueprint /Game/RTS/Blueprints/CameraPawnTemp.CameraPawnTemp
